past key values is None
past key values is None
past key values is None
past key values is None
past key values is None
past key values is None
past key values is None
past key values is None
past key values is None
past key values is None
past key values is None
past key values is None
past key values is None
past key values is None
past key values is None
past key values is None
past key values is None
past key values is None
past key values is None
past key values is None
past key values is None
past key values is None
past key values is None
past key values is None
past key values is None
past key values is None
past key values is None
past key values is None
past key values is None
past key values is None
past key values is None
past key values is None
past key values is None
past key values is None
past key values is None
past key values is None
past key values is None
past key values is None
past key values is None
past key values is None
past key values is None
past key values is None
past key values is None
past key values is None
past key values is None
past key values is None
past key values is None
past key values is None
past key values is None
past key values is None
model prediction:   out of it," he said.

On Friday night, he plans to have some friends over for dinner, he said.

"We're going to take the leftovers and make a meal out of it," he said.

It's hard to say how long the leftovers will keep.
torch.cuda.memory_allocated: 5.414427GB
torch.cuda.memory_reserved: 5.746094GB
torch.cuda.max_memory_reserved: 5.746094GB
Mon Apr 15 21:19:21 2024       
+---------------------------------------------------------------------------------------+
| NVIDIA-SMI 545.23.08              Driver Version: 545.23.08    CUDA Version: 12.3     |
|-----------------------------------------+----------------------+----------------------+
| GPU  Name                 Persistence-M | Bus-Id        Disp.A | Volatile Uncorr. ECC |
| Fan  Temp   Perf          Pwr:Usage/Cap |         Memory-Usage | GPU-Util  Compute M. |
|                                         |                      |               MIG M. |
|=========================================+======================+======================|
|   0  NVIDIA A100-SXM4-80GB          On  | 00000000:01:00.0 Off |                   On |
| N/A   31C    P0              76W / 500W |   6075MiB / 81920MiB |     N/A      Default |
|                                         |                      |              Enabled |
+-----------------------------------------+----------------------+----------------------+
|   1  NVIDIA A100-SXM4-80GB          On  | 00000000:41:00.0 Off |                   On |
| N/A   26C    P0              54W / 500W |     87MiB / 81920MiB |     N/A      Default |
|                                         |                      |              Enabled |
+-----------------------------------------+----------------------+----------------------+
|   2  NVIDIA A100-SXM4-80GB          On  | 00000000:81:00.0 Off |                   On |
| N/A   26C    P0              51W / 500W |     87MiB / 81920MiB |     N/A      Default |
|                                         |                      |              Enabled |
+-----------------------------------------+----------------------+----------------------+
|   3  NVIDIA A100-SXM4-80GB          On  | 00000000:C1:00.0 Off |                   On |
| N/A   26C    P0              50W / 500W |     87MiB / 81920MiB |     N/A      Default |
|                                         |                      |              Enabled |
+-----------------------------------------+----------------------+----------------------+

+---------------------------------------------------------------------------------------+
| MIG devices:                                                                          |
+------------------+--------------------------------+-----------+-----------------------+
| GPU  GI  CI  MIG |                   Memory-Usage |        Vol|      Shared           |
|      ID  ID  Dev |                     BAR1-Usage | SM     Unc| CE ENC DEC OFA JPG    |
|                  |                                |        ECC|                       |
|==================+================================+===========+=======================|
|  0    7   0   0  |            6000MiB /  9728MiB  | 14      0 |  1   0    0    0    0 |
|                  |               2MiB / 16383MiB  |           |                       |
+------------------+--------------------------------+-----------+-----------------------+
                                                                                         
+---------------------------------------------------------------------------------------+
| Processes:                                                                            |
|  GPU   GI   CI        PID   Type   Process name                            GPU Memory |
|        ID   ID                                                             Usage      |
|=======================================================================================|
|    0    7    0    1370934      C   python                                     5980MiB |
+---------------------------------------------------------------------------------------+

